{
  "RSpec": {
    "coverage": {
      "/Users/katefulton/Documents/ADA/BREAK/YesNoMaybe/app/helpers/activities_helper.rb": [
        1,
        null
      ],
      "/Users/katefulton/Documents/ADA/BREAK/YesNoMaybe/app/helpers/application_helper.rb": [
        1,
        null
      ],
      "/Users/katefulton/Documents/ADA/BREAK/YesNoMaybe/app/helpers/lists_helper.rb": [
        1,
        null
      ],
      "/Users/katefulton/Documents/ADA/BREAK/YesNoMaybe/app/helpers/partneractivities_helper.rb": [
        1,
        null
      ],
      "/Users/katefulton/Documents/ADA/BREAK/YesNoMaybe/app/helpers/password_resets_helper.rb": [
        1,
        null
      ],
      "/Users/katefulton/Documents/ADA/BREAK/YesNoMaybe/app/helpers/sessions_helper.rb": [
        1,
        null
      ],
      "/Users/katefulton/Documents/ADA/BREAK/YesNoMaybe/app/helpers/users_helper.rb": [
        1,
        null
      ],
      "/Users/katefulton/Documents/ADA/BREAK/YesNoMaybe/app/controllers/activities_controller.rb": [
        1,
        1,
        null,
        1,
        0,
        0,
        null,
        null,
        1,
        2,
        2,
        2,
        3,
        3,
        0,
        null,
        null,
        null,
        2,
        0,
        null,
        2,
        null,
        null,
        null,
        1,
        1,
        1,
        1,
        null,
        0,
        null,
        null,
        null,
        1,
        null,
        1,
        4,
        1,
        1,
        null,
        null,
        null,
        null
      ],
      "/Users/katefulton/Documents/ADA/BREAK/YesNoMaybe/app/controllers/application_controller.rb": [
        1,
        null,
        null,
        1,
        null,
        1,
        null,
        1,
        0,
        null,
        1,
        null,
        1,
        0,
        null,
        null,
        null
      ],
      "/Users/katefulton/Documents/ADA/BREAK/YesNoMaybe/app/controllers/lists_controller.rb": [
        1,
        null,
        1,
        2,
        2,
        2,
        2,
        2,
        2,
        2,
        null,
        0,
        null,
        null,
        null,
        1,
        0,
        0,
        0,
        null,
        null,
        1,
        null,
        null
      ],
      "/Users/katefulton/Documents/ADA/BREAK/YesNoMaybe/app/controllers/partneractivities_controller.rb": [
        1,
        null,
        1,
        0,
        0,
        0,
        null,
        null,
        1,
        0,
        null,
        null,
        null
      ],
      "/Users/katefulton/Documents/ADA/BREAK/YesNoMaybe/app/controllers/password_resets_controller.rb": [
        1,
        null,
        1,
        null,
        null,
        1,
        0,
        0,
        0,
        null,
        null,
        1,
        0,
        null,
        null,
        1,
        0,
        0,
        0,
        0,
        0,
        0,
        0,
        null,
        0,
        null,
        null,
        null,
        null
      ],
      "/Users/katefulton/Documents/ADA/BREAK/YesNoMaybe/app/controllers/sessions_controller.rb": [
        1,
        null,
        1,
        null,
        null,
        1,
        0,
        0,
        0,
        0,
        null,
        0,
        null,
        0,
        null,
        0,
        null,
        null,
        null,
        1,
        0,
        0,
        null,
        null,
        null
      ],
      "/Users/katefulton/Documents/ADA/BREAK/YesNoMaybe/app/controllers/users_controller.rb": [
        1,
        null,
        1,
        0,
        null,
        null,
        1,
        0,
        0,
        0,
        0,
        null,
        0,
        null,
        null,
        null,
        1,
        0,
        null,
        0,
        null,
        null,
        1,
        null,
        1,
        0,
        null,
        null,
        null
      ],
      "/Users/katefulton/Documents/ADA/BREAK/YesNoMaybe/app/mailers/user_mailer.rb": [
        1,
        1,
        null,
        null,
        null,
        null,
        null,
        null,
        1,
        2,
        2,
        null,
        null,
        null,
        null,
        null,
        null
      ],
      "/Users/katefulton/Documents/ADA/BREAK/YesNoMaybe/app/models/activity.rb": [
        1,
        1,
        null
      ],
      "/Users/katefulton/Documents/ADA/BREAK/YesNoMaybe/app/models/list.rb": [
        1,
        1,
        null,
        null,
        null
      ],
      "/Users/katefulton/Documents/ADA/BREAK/YesNoMaybe/app/models/partneractivity.rb": [
        1,
        1,
        1,
        null
      ],
      "/Users/katefulton/Documents/ADA/BREAK/YesNoMaybe/app/models/relationship.rb": [
        1,
        1,
        1,
        null,
        null
      ],
      "/Users/katefulton/Documents/ADA/BREAK/YesNoMaybe/app/models/user.rb": [
        1,
        1,
        1,
        1,
        null,
        null,
        1,
        1,
        null,
        9,
        null,
        1,
        null,
        8,
        8,
        null,
        null,
        1,
        0,
        0,
        0,
        0,
        null,
        null,
        1,
        0,
        0,
        0,
        null,
        null,
        null,
        1,
        4,
        null,
        null
      ]
    },
    "timestamp": 1419896090
  }
}
